2014-03-31 17:41:14 [INFO ]===========【com.road.arpg.core.manager.cache.CacheManager】管理器启动成功，启动用了1MS===========
2014-03-31 17:41:14 [INFO ]===========【com.road.arpg.core.manager.groovy.GroovyManager】管理器启动成功，启动用了0MS===========
2014-03-31 17:41:15 [INFO ]===========【com.road.arpg.core.manager.database.DataBaseManager】管理器启动成功，启动用了882MS===========
2014-03-31 17:41:15 [INFO ]===========【com.road.arpg.core.manager.timer.TimerManager】管理器启动成功，启动用了0MS===========
2014-03-31 17:41:51 [INFO ]===========【com.road.arpg.core.manager.cache.CacheManager】管理器启动成功，启动用了0MS===========
2014-03-31 17:41:51 [INFO ]===========【com.road.arpg.core.manager.groovy.GroovyManager】管理器启动成功，启动用了0MS===========
2014-03-31 17:41:53 [INFO ]===========【com.road.arpg.core.manager.database.DataBaseManager】管理器启动成功，启动用了1430MS===========
2014-03-31 17:41:53 [INFO ]===========【com.road.arpg.core.manager.timer.TimerManager】管理器启动成功，启动用了0MS===========
2014-03-31 17:42:21 [INFO ]===========【com.road.arpg.core.manager.cache.CacheManager】管理器启动成功，启动用了2001MS===========
2014-03-31 17:42:39 [INFO ]===========【com.road.arpg.core.manager.groovy.GroovyManager】管理器启动成功，启动用了9159MS===========
2014-03-31 17:42:44 [INFO ]===========【com.road.arpg.core.manager.database.DataBaseManager】管理器启动成功，启动用了2800MS===========
2014-03-31 17:42:45 [INFO ]===========【com.road.arpg.core.manager.timer.TimerManager】管理器启动成功，启动用了9MS===========
2014-03-31 17:43:48 [INFO ]===========【com.road.arpg.core.manager.cache.CacheManager】管理器启动成功，启动用了1MS===========
2014-03-31 17:43:48 [INFO ]===========【com.road.arpg.core.manager.groovy.GroovyManager】管理器启动成功，启动用了0MS===========
2014-03-31 17:43:48 [INFO ]===========【com.road.arpg.core.manager.database.DataBaseManager】管理器启动成功，启动用了605MS===========
2014-03-31 17:43:48 [INFO ]===========【com.road.arpg.core.manager.timer.TimerManager】管理器启动成功，启动用了0MS===========
2014-03-31 18:07:47 [INFO ]===========【com.road.arpg.core.manager.cache.CacheManager】管理器启动成功，启动用了1MS===========
2014-03-31 18:07:47 [INFO ]===========【com.road.arpg.core.manager.groovy.GroovyManager】管理器启动成功，启动用了0MS===========
2014-03-31 18:07:47 [INFO ]===========【com.road.arpg.core.manager.database.DataBaseManager】管理器启动成功，启动用了593MS===========
2014-03-31 18:07:47 [INFO ]===========【com.road.arpg.core.manager.timer.TimerManager】管理器启动成功，启动用了0MS===========
2014-03-31 18:07:47 [INFO ]===========【com.road.arpg.core.manager.module.ModuleManager】管理器启动成功，启动用了3MS===========
2014-03-31 18:08:20 [INFO ]===========【com.road.arpg.core.manager.cache.CacheManager】管理器启动成功，启动用了0MS===========
2014-03-31 18:08:20 [INFO ]===========【com.road.arpg.core.manager.groovy.GroovyManager】管理器启动成功，启动用了0MS===========
2014-03-31 18:08:21 [INFO ]===========【com.road.arpg.core.manager.database.DataBaseManager】管理器启动成功，启动用了605MS===========
2014-03-31 18:08:21 [INFO ]===========【com.road.arpg.core.manager.timer.TimerManager】管理器启动成功，启动用了1MS===========
2014-03-31 18:09:20 [INFO ]===========【com.road.arpg.core.manager.module.ModuleManager】管理器启动成功，启动用了59403MS===========
2014-03-31 18:11:34 [INFO ]===========【com.road.arpg.core.manager.cache.CacheManager】管理器启动成功，启动用了1MS===========
2014-03-31 18:11:34 [INFO ]===========【com.road.arpg.core.manager.groovy.GroovyManager】管理器启动成功，启动用了0MS===========
2014-03-31 18:11:34 [INFO ]===========【com.road.arpg.core.manager.database.DataBaseManager】管理器启动成功，启动用了578MS===========
2014-03-31 18:11:34 [INFO ]===========【com.road.arpg.core.manager.timer.TimerManager】管理器启动成功，启动用了0MS===========
2014-03-31 18:13:57 [INFO ]===========【com.road.arpg.core.manager.cache.CacheManager】管理器启动成功，启动用了1MS===========
2014-03-31 18:13:57 [INFO ]===========【com.road.arpg.core.manager.groovy.GroovyManager】管理器启动成功，启动用了0MS===========
2014-03-31 18:13:57 [INFO ]===========【com.road.arpg.core.manager.database.DataBaseManager】管理器启动成功，启动用了586MS===========
2014-03-31 18:13:57 [INFO ]===========【com.road.arpg.core.manager.timer.TimerManager】管理器启动成功，启动用了0MS===========
2014-03-31 18:14:13 [INFO ]===========【com.road.arpg.core.manager.cache.CacheManager】管理器启动成功，启动用了0MS===========
2014-03-31 18:14:13 [INFO ]===========【com.road.arpg.core.manager.groovy.GroovyManager】管理器启动成功，启动用了0MS===========
2014-03-31 18:14:14 [INFO ]===========【com.road.arpg.core.manager.database.DataBaseManager】管理器启动成功，启动用了586MS===========
2014-03-31 18:14:14 [INFO ]===========【com.road.arpg.core.manager.timer.TimerManager】管理器启动成功，启动用了0MS===========
2014-03-31 18:15:14 [INFO ]===========【com.road.arpg.core.manager.cache.CacheManager】管理器启动成功，启动用了1MS===========
2014-03-31 18:15:15 [INFO ]===========【com.road.arpg.core.manager.groovy.GroovyManager】管理器启动成功，启动用了0MS===========
2014-03-31 18:15:15 [INFO ]===========【com.road.arpg.core.manager.database.DataBaseManager】管理器启动成功，启动用了587MS===========
2014-03-31 18:15:15 [INFO ]===========【com.road.arpg.core.manager.timer.TimerManager】管理器启动成功，启动用了0MS===========
2014-03-31 18:15:46 [INFO ]===========【com.road.arpg.core.manager.cache.CacheManager】管理器启动成功，启动用了1MS===========
2014-03-31 18:15:46 [INFO ]===========【com.road.arpg.core.manager.groovy.GroovyManager】管理器启动成功，启动用了0MS===========
2014-03-31 18:15:47 [INFO ]===========【com.road.arpg.core.manager.database.DataBaseManager】管理器启动成功，启动用了607MS===========
2014-03-31 18:15:47 [INFO ]===========【com.road.arpg.core.manager.timer.TimerManager】管理器启动成功，启动用了0MS===========
2014-03-31 18:15:49 [INFO ]===========【com.road.arpg.core.manager.module.ModuleManager】管理器启动成功，启动用了1842MS===========
2014-03-31 18:15:49 [INFO ]使用【xsocket】socket架构【com.road.arpg.core.manager.socket.xsocket.XsocketSocketAcceptor】。
2014-03-31 18:15:49 [INFO ]===========【com.road.arpg.core.manager.socket.SocketManager】管理器启动成功，启动用了322MS===========
2014-03-31 18:15:49 [INFO ]
2014-03-31 18:15:49 [INFO ]-----------游戏服务器启动成功，启动用了3136MS!-----------
2014-03-31 18:22:02 [INFO ]===========【com.road.arpg.core.manager.cache.CacheManager】管理器启动成功，启动用了1MS===========
2014-03-31 18:22:02 [INFO ]===========【com.road.arpg.core.manager.groovy.GroovyManager】管理器启动成功，启动用了0MS===========
2014-03-31 18:22:03 [INFO ]===========【com.road.arpg.core.manager.database.DataBaseManager】管理器启动成功，启动用了580MS===========
2014-03-31 18:22:03 [INFO ]===========【com.road.arpg.core.manager.timer.TimerManager】管理器启动成功，启动用了1MS===========
2014-03-31 18:22:07 [INFO ]===========【com.road.arpg.core.manager.module.ModuleManager】管理器启动成功，启动用了4043MS===========
2014-03-31 18:22:16 [INFO ]===========【com.road.arpg.core.manager.cache.CacheManager】管理器启动成功，启动用了1MS===========
2014-03-31 18:22:16 [INFO ]===========【com.road.arpg.core.manager.groovy.GroovyManager】管理器启动成功，启动用了0MS===========
2014-03-31 18:22:17 [INFO ]===========【com.road.arpg.core.manager.database.DataBaseManager】管理器启动成功，启动用了578MS===========
2014-03-31 18:22:17 [INFO ]===========【com.road.arpg.core.manager.timer.TimerManager】管理器启动成功，启动用了1MS===========
2014-03-31 18:22:17 [INFO ]===========【com.road.arpg.core.manager.module.ModuleManager】管理器启动成功，启动用了36MS===========
2014-03-31 18:22:40 [INFO ]使用【xsocket】socket架构【com.road.arpg.core.manager.socket.xsocket.XsocketSocketAcceptor】。
2014-03-31 18:22:40 [INFO ]===========【com.road.arpg.core.manager.socket.SocketManager】管理器启动成功，启动用了22634MS===========
2014-03-31 18:22:40 [INFO ]
2014-03-31 18:22:40 [INFO ]-----------游戏服务器启动成功，启动用了23591MS!-----------
