2014-03-26 10:19:15 [FATAL]Failed to get the session.
org.apache.mina.core.RuntimeIoException: Failed to get the session.
	at org.apache.mina.core.future.DefaultConnectFuture.getSession(DefaultConnectFuture.java:58)
	at com.road.arpg.core.manager.module.AbstractProxyModule.start(AbstractProxyModule.java:75)
	at com.road.arpg.core.manager.module.ModuleManager.start(ModuleManager.java:87)
	at com.road.arpg.core.GameServer.initManager(GameServer.java:218)
	at com.road.arpg.core.GameServer.start(GameServer.java:141)
	at sun.reflect.NativeMethodAccessorImpl.invoke0(Native Method)
	at sun.reflect.NativeMethodAccessorImpl.invoke(NativeMethodAccessorImpl.java:57)
	at sun.reflect.DelegatingMethodAccessorImpl.invoke(DelegatingMethodAccessorImpl.java:43)
	at java.lang.reflect.Method.invoke(Method.java:601)
	at com.road.arpg.core.ServerStarter.start(ServerStarter.java:53)
	at com.road.arpg.core.ServerStarter.main(ServerStarter.java:34)
	at sun.reflect.NativeMethodAccessorImpl.invoke0(Native Method)
	at sun.reflect.NativeMethodAccessorImpl.invoke(NativeMethodAccessorImpl.java:57)
	at sun.reflect.DelegatingMethodAccessorImpl.invoke(DelegatingMethodAccessorImpl.java:43)
	at java.lang.reflect.Method.invoke(Method.java:601)
	at org.apache.tools.ant.taskdefs.ExecuteJava.run(ExecuteJava.java:217)
	at org.apache.tools.ant.taskdefs.ExecuteJava.execute(ExecuteJava.java:152)
	at org.apache.tools.ant.taskdefs.Java.run(Java.java:771)
	at org.apache.tools.ant.taskdefs.Java.executeJava(Java.java:221)
	at org.apache.tools.ant.taskdefs.Java.executeJava(Java.java:135)
	at org.apache.tools.ant.taskdefs.Java.execute(Java.java:108)
	at org.apache.tools.ant.UnknownElement.execute(UnknownElement.java:291)
	at sun.reflect.GeneratedMethodAccessor4.invoke(Unknown Source)
	at sun.reflect.DelegatingMethodAccessorImpl.invoke(DelegatingMethodAccessorImpl.java:43)
	at java.lang.reflect.Method.invoke(Method.java:601)
	at org.apache.tools.ant.dispatch.DispatchUtils.execute(DispatchUtils.java:106)
	at org.apache.tools.ant.Task.perform(Task.java:348)
	at org.apache.tools.ant.Target.execute(Target.java:390)
	at org.apache.tools.ant.Target.performTasks(Target.java:411)
	at org.apache.tools.ant.Project.executeSortedTargets(Project.java:1399)
	at org.apache.tools.ant.Project.executeTarget(Project.java:1368)
	at org.apache.tools.ant.helper.DefaultExecutor.executeTargets(DefaultExecutor.java:41)
	at org.eclipse.ant.internal.launching.remote.EclipseDefaultExecutor.executeTargets(EclipseDefaultExecutor.java:32)
	at org.apache.tools.ant.Project.executeTargets(Project.java:1251)
	at org.eclipse.ant.internal.launching.remote.InternalAntRunner.run(InternalAntRunner.java:424)
	at org.eclipse.ant.internal.launching.remote.InternalAntRunner.main(InternalAntRunner.java:138)
Caused by: java.net.ConnectException: Connection refused: no further information
	at sun.nio.ch.SocketChannelImpl.checkConnect(Native Method)
	at sun.nio.ch.SocketChannelImpl.finishConnect(SocketChannelImpl.java:692)
	at org.apache.mina.transport.socket.nio.NioSocketConnector.finishConnect(NioSocketConnector.java:221)
	at org.apache.mina.transport.socket.nio.NioSocketConnector.finishConnect(NioSocketConnector.java:46)
	at org.apache.mina.core.polling.AbstractPollingIoConnector.processConnections(AbstractPollingIoConnector.java:442)
	at org.apache.mina.core.polling.AbstractPollingIoConnector.access$700(AbstractPollingIoConnector.java:64)
	at org.apache.mina.core.polling.AbstractPollingIoConnector$Connector.run(AbstractPollingIoConnector.java:510)
	at org.apache.mina.util.NamePreservingRunnable.run(NamePreservingRunnable.java:64)
	at java.util.concurrent.ThreadPoolExecutor.runWorker(ThreadPoolExecutor.java:1145)
	at java.util.concurrent.ThreadPoolExecutor$Worker.run(ThreadPoolExecutor.java:615)
	at java.lang.Thread.run(Thread.java:722)
2014-03-26 10:24:49 [FATAL]Unable to open a test connection to the given database. JDBC url = jdbc:mysql://172.16.6.45:3306/t_arpg_game, username = root. Terminating connection pool. Original Exception: ------
java.sql.SQLException: No suitable driver found for jdbc:mysql://172.16.6.45:3306/t_arpg_game
	at java.sql.DriverManager.getConnection(DriverManager.java:604)
	at java.sql.DriverManager.getConnection(DriverManager.java:221)
	at com.jolbox.bonecp.BoneCP.obtainRawInternalConnection(BoneCP.java:256)
	at com.jolbox.bonecp.BoneCP.<init>(BoneCP.java:305)
	at com.road.arpg.core.manager.database.DataBaseManager.start(DataBaseManager.java:71)
	at com.road.arpg.core.GameServer.initManager(GameServer.java:218)
	at com.road.arpg.core.GameServer.start(GameServer.java:141)
	at sun.reflect.NativeMethodAccessorImpl.invoke0(Native Method)
	at sun.reflect.NativeMethodAccessorImpl.invoke(NativeMethodAccessorImpl.java:57)
	at sun.reflect.DelegatingMethodAccessorImpl.invoke(DelegatingMethodAccessorImpl.java:43)
	at java.lang.reflect.Method.invoke(Method.java:601)
	at com.road.arpg.core.ServerStarter.start(ServerStarter.java:53)
	at com.road.arpg.core.ServerStarter.main(ServerStarter.java:34)
	at sun.reflect.NativeMethodAccessorImpl.invoke0(Native Method)
	at sun.reflect.NativeMethodAccessorImpl.invoke(NativeMethodAccessorImpl.java:57)
	at sun.reflect.DelegatingMethodAccessorImpl.invoke(DelegatingMethodAccessorImpl.java:43)
	at java.lang.reflect.Method.invoke(Method.java:601)
	at org.apache.tools.ant.taskdefs.ExecuteJava.run(ExecuteJava.java:217)
	at org.apache.tools.ant.taskdefs.ExecuteJava.execute(ExecuteJava.java:152)
	at org.apache.tools.ant.taskdefs.Java.run(Java.java:771)
	at org.apache.tools.ant.taskdefs.Java.executeJava(Java.java:221)
	at org.apache.tools.ant.taskdefs.Java.executeJava(Java.java:135)
	at org.apache.tools.ant.taskdefs.Java.execute(Java.java:108)
	at org.apache.tools.ant.UnknownElement.execute(UnknownElement.java:291)
	at sun.reflect.GeneratedMethodAccessor4.invoke(Unknown Source)
	at sun.reflect.DelegatingMethodAccessorImpl.invoke(DelegatingMethodAccessorImpl.java:43)
	at java.lang.reflect.Method.invoke(Method.java:601)
	at org.apache.tools.ant.dispatch.DispatchUtils.execute(DispatchUtils.java:106)
	at org.apache.tools.ant.Task.perform(Task.java:348)
	at org.apache.tools.ant.Target.execute(Target.java:390)
	at org.apache.tools.ant.Target.performTasks(Target.java:411)
	at org.apache.tools.ant.Project.executeSortedTargets(Project.java:1399)
	at org.apache.tools.ant.Project.executeTarget(Project.java:1368)
	at org.apache.tools.ant.helper.DefaultExecutor.executeTargets(DefaultExecutor.java:41)
	at org.eclipse.ant.internal.launching.remote.EclipseDefaultExecutor.executeTargets(EclipseDefaultExecutor.java:32)
	at org.apache.tools.ant.Project.executeTargets(Project.java:1251)
	at org.eclipse.ant.internal.launching.remote.InternalAntRunner.run(InternalAntRunner.java:424)
	at org.eclipse.ant.internal.launching.remote.InternalAntRunner.main(InternalAntRunner.java:138)
------

java.sql.SQLException: Unable to open a test connection to the given database. JDBC url = jdbc:mysql://172.16.6.45:3306/t_arpg_game, username = root. Terminating connection pool. Original Exception: ------
java.sql.SQLException: No suitable driver found for jdbc:mysql://172.16.6.45:3306/t_arpg_game
	at java.sql.DriverManager.getConnection(DriverManager.java:604)
	at java.sql.DriverManager.getConnection(DriverManager.java:221)
	at com.jolbox.bonecp.BoneCP.obtainRawInternalConnection(BoneCP.java:256)
	at com.jolbox.bonecp.BoneCP.<init>(BoneCP.java:305)
	at com.road.arpg.core.manager.database.DataBaseManager.start(DataBaseManager.java:71)
	at com.road.arpg.core.GameServer.initManager(GameServer.java:218)
	at com.road.arpg.core.GameServer.start(GameServer.java:141)
	at sun.reflect.NativeMethodAccessorImpl.invoke0(Native Method)
	at sun.reflect.NativeMethodAccessorImpl.invoke(NativeMethodAccessorImpl.java:57)
	at sun.reflect.DelegatingMethodAccessorImpl.invoke(DelegatingMethodAccessorImpl.java:43)
	at java.lang.reflect.Method.invoke(Method.java:601)
	at com.road.arpg.core.ServerStarter.start(ServerStarter.java:53)
	at com.road.arpg.core.ServerStarter.main(ServerStarter.java:34)
	at sun.reflect.NativeMethodAccessorImpl.invoke0(Native Method)
	at sun.reflect.NativeMethodAccessorImpl.invoke(NativeMethodAccessorImpl.java:57)
	at sun.reflect.DelegatingMethodAccessorImpl.invoke(DelegatingMethodAccessorImpl.java:43)
	at java.lang.reflect.Method.invoke(Method.java:601)
	at org.apache.tools.ant.taskdefs.ExecuteJava.run(ExecuteJava.java:217)
	at org.apache.tools.ant.taskdefs.ExecuteJava.execute(ExecuteJava.java:152)
	at org.apache.tools.ant.taskdefs.Java.run(Java.java:771)
	at org.apache.tools.ant.taskdefs.Java.executeJava(Java.java:221)
	at org.apache.tools.ant.taskdefs.Java.executeJava(Java.java:135)
	at org.apache.tools.ant.taskdefs.Java.execute(Java.java:108)
	at org.apache.tools.ant.UnknownElement.execute(UnknownElement.java:291)
	at sun.reflect.GeneratedMethodAccessor4.invoke(Unknown Source)
	at sun.reflect.DelegatingMethodAccessorImpl.invoke(DelegatingMethodAccessorImpl.java:43)
	at java.lang.reflect.Method.invoke(Method.java:601)
	at org.apache.tools.ant.dispatch.DispatchUtils.execute(DispatchUtils.java:106)
	at org.apache.tools.ant.Task.perform(Task.java:348)
	at org.apache.tools.ant.Target.execute(Target.java:390)
	at org.apache.tools.ant.Target.performTasks(Target.java:411)
	at org.apache.tools.ant.Project.executeSortedTargets(Project.java:1399)
	at org.apache.tools.ant.Project.executeTarget(Project.java:1368)
	at org.apache.tools.ant.helper.DefaultExecutor.executeTargets(DefaultExecutor.java:41)
	at org.eclipse.ant.internal.launching.remote.EclipseDefaultExecutor.executeTargets(EclipseDefaultExecutor.java:32)
	at org.apache.tools.ant.Project.executeTargets(Project.java:1251)
	at org.eclipse.ant.internal.launching.remote.InternalAntRunner.run(InternalAntRunner.java:424)
	at org.eclipse.ant.internal.launching.remote.InternalAntRunner.main(InternalAntRunner.java:138)
------

	at com.jolbox.bonecp.BoneCP.<init>(BoneCP.java:315)
	at com.road.arpg.core.manager.database.DataBaseManager.start(DataBaseManager.java:71)
	at com.road.arpg.core.GameServer.initManager(GameServer.java:218)
	at com.road.arpg.core.GameServer.start(GameServer.java:141)
	at sun.reflect.NativeMethodAccessorImpl.invoke0(Native Method)
	at sun.reflect.NativeMethodAccessorImpl.invoke(NativeMethodAccessorImpl.java:57)
	at sun.reflect.DelegatingMethodAccessorImpl.invoke(DelegatingMethodAccessorImpl.java:43)
	at java.lang.reflect.Method.invoke(Method.java:601)
	at com.road.arpg.core.ServerStarter.start(ServerStarter.java:53)
	at com.road.arpg.core.ServerStarter.main(ServerStarter.java:34)
	at sun.reflect.NativeMethodAccessorImpl.invoke0(Native Method)
	at sun.reflect.NativeMethodAccessorImpl.invoke(NativeMethodAccessorImpl.java:57)
	at sun.reflect.DelegatingMethodAccessorImpl.invoke(DelegatingMethodAccessorImpl.java:43)
	at java.lang.reflect.Method.invoke(Method.java:601)
	at org.apache.tools.ant.taskdefs.ExecuteJava.run(ExecuteJava.java:217)
	at org.apache.tools.ant.taskdefs.ExecuteJava.execute(ExecuteJava.java:152)
	at org.apache.tools.ant.taskdefs.Java.run(Java.java:771)
	at org.apache.tools.ant.taskdefs.Java.executeJava(Java.java:221)
	at org.apache.tools.ant.taskdefs.Java.executeJava(Java.java:135)
	at org.apache.tools.ant.taskdefs.Java.execute(Java.java:108)
	at org.apache.tools.ant.UnknownElement.execute(UnknownElement.java:291)
	at sun.reflect.GeneratedMethodAccessor4.invoke(Unknown Source)
	at sun.reflect.DelegatingMethodAccessorImpl.invoke(DelegatingMethodAccessorImpl.java:43)
	at java.lang.reflect.Method.invoke(Method.java:601)
	at org.apache.tools.ant.dispatch.DispatchUtils.execute(DispatchUtils.java:106)
	at org.apache.tools.ant.Task.perform(Task.java:348)
	at org.apache.tools.ant.Target.execute(Target.java:390)
	at org.apache.tools.ant.Target.performTasks(Target.java:411)
	at org.apache.tools.ant.Project.executeSortedTargets(Project.java:1399)
	at org.apache.tools.ant.Project.executeTarget(Project.java:1368)
	at org.apache.tools.ant.helper.DefaultExecutor.executeTargets(DefaultExecutor.java:41)
	at org.eclipse.ant.internal.launching.remote.EclipseDefaultExecutor.executeTargets(EclipseDefaultExecutor.java:32)
	at org.apache.tools.ant.Project.executeTargets(Project.java:1251)
	at org.eclipse.ant.internal.launching.remote.InternalAntRunner.run(InternalAntRunner.java:424)
	at org.eclipse.ant.internal.launching.remote.InternalAntRunner.main(InternalAntRunner.java:138)
2014-03-26 10:25:22 [FATAL]Failed to get the session.
org.apache.mina.core.RuntimeIoException: Failed to get the session.
	at org.apache.mina.core.future.DefaultConnectFuture.getSession(DefaultConnectFuture.java:58)
	at com.road.arpg.core.manager.module.AbstractProxyModule.start(AbstractProxyModule.java:75)
	at com.road.arpg.core.manager.module.ModuleManager.start(ModuleManager.java:87)
	at com.road.arpg.core.GameServer.initManager(GameServer.java:218)
	at com.road.arpg.core.GameServer.start(GameServer.java:141)
	at sun.reflect.NativeMethodAccessorImpl.invoke0(Native Method)
	at sun.reflect.NativeMethodAccessorImpl.invoke(NativeMethodAccessorImpl.java:57)
	at sun.reflect.DelegatingMethodAccessorImpl.invoke(DelegatingMethodAccessorImpl.java:43)
	at java.lang.reflect.Method.invoke(Method.java:601)
	at com.road.arpg.core.ServerStarter.start(ServerStarter.java:53)
	at com.road.arpg.core.ServerStarter.main(ServerStarter.java:34)
	at sun.reflect.NativeMethodAccessorImpl.invoke0(Native Method)
	at sun.reflect.NativeMethodAccessorImpl.invoke(NativeMethodAccessorImpl.java:57)
	at sun.reflect.DelegatingMethodAccessorImpl.invoke(DelegatingMethodAccessorImpl.java:43)
	at java.lang.reflect.Method.invoke(Method.java:601)
	at org.apache.tools.ant.taskdefs.ExecuteJava.run(ExecuteJava.java:217)
	at org.apache.tools.ant.taskdefs.ExecuteJava.execute(ExecuteJava.java:152)
	at org.apache.tools.ant.taskdefs.Java.run(Java.java:771)
	at org.apache.tools.ant.taskdefs.Java.executeJava(Java.java:221)
	at org.apache.tools.ant.taskdefs.Java.executeJava(Java.java:135)
	at org.apache.tools.ant.taskdefs.Java.execute(Java.java:108)
	at org.apache.tools.ant.UnknownElement.execute(UnknownElement.java:291)
	at sun.reflect.GeneratedMethodAccessor4.invoke(Unknown Source)
	at sun.reflect.DelegatingMethodAccessorImpl.invoke(DelegatingMethodAccessorImpl.java:43)
	at java.lang.reflect.Method.invoke(Method.java:601)
	at org.apache.tools.ant.dispatch.DispatchUtils.execute(DispatchUtils.java:106)
	at org.apache.tools.ant.Task.perform(Task.java:348)
	at org.apache.tools.ant.Target.execute(Target.java:390)
	at org.apache.tools.ant.Target.performTasks(Target.java:411)
	at org.apache.tools.ant.Project.executeSortedTargets(Project.java:1399)
	at org.apache.tools.ant.Project.executeTarget(Project.java:1368)
	at org.apache.tools.ant.helper.DefaultExecutor.executeTargets(DefaultExecutor.java:41)
	at org.eclipse.ant.internal.launching.remote.EclipseDefaultExecutor.executeTargets(EclipseDefaultExecutor.java:32)
	at org.apache.tools.ant.Project.executeTargets(Project.java:1251)
	at org.eclipse.ant.internal.launching.remote.InternalAntRunner.run(InternalAntRunner.java:424)
	at org.eclipse.ant.internal.launching.remote.InternalAntRunner.main(InternalAntRunner.java:138)
Caused by: java.net.ConnectException: Connection refused: no further information
	at sun.nio.ch.SocketChannelImpl.checkConnect(Native Method)
	at sun.nio.ch.SocketChannelImpl.finishConnect(SocketChannelImpl.java:692)
	at org.apache.mina.transport.socket.nio.NioSocketConnector.finishConnect(NioSocketConnector.java:221)
	at org.apache.mina.transport.socket.nio.NioSocketConnector.finishConnect(NioSocketConnector.java:46)
	at org.apache.mina.core.polling.AbstractPollingIoConnector.processConnections(AbstractPollingIoConnector.java:442)
	at org.apache.mina.core.polling.AbstractPollingIoConnector.access$700(AbstractPollingIoConnector.java:64)
	at org.apache.mina.core.polling.AbstractPollingIoConnector$Connector.run(AbstractPollingIoConnector.java:510)
	at org.apache.mina.util.NamePreservingRunnable.run(NamePreservingRunnable.java:64)
	at java.util.concurrent.ThreadPoolExecutor.runWorker(ThreadPoolExecutor.java:1145)
	at java.util.concurrent.ThreadPoolExecutor$Worker.run(ThreadPoolExecutor.java:615)
	at java.lang.Thread.run(Thread.java:722)
